0 info it worked if it ends with ok
1 verbose cli [ '/usr/bin/nodejs', '/usr/bin/npm', 'run', 'server' ]
2 info using npm@1.4.21
3 info using node@v0.10.25
4 verbose run-script [ 'preserver', 'server', 'postserver' ]
5 info preserver postman@0.0.0
6 info server postman@0.0.0
7 verbose unsafe-perm in lifecycle true
8 info postman@0.0.0 Failed to exec server script
9 error postman@0.0.0 server: `node server.js`
9 error Exit status 127
10 error Failed at the postman@0.0.0 server script.
10 error This is most likely a problem with the postman package,
10 error not with npm itself.
10 error Tell the author that this fails on your system:
10 error     node server.js
10 error You can get their info via:
10 error     npm owner ls postman
10 error There is likely additional logging output above.
11 error System Linux 3.19.0-15-generic
12 error command "/usr/bin/nodejs" "/usr/bin/npm" "run" "server"
13 error cwd /home/danila/lab/postman
14 error node -v v0.10.25
15 error npm -v 1.4.21
16 error code ELIFECYCLE
17 verbose exit [ 1, true ]
